/*C4*/SET SCHEMA PUBLIC
DISCONNECT
/*C5*/SET SCHEMA PUBLIC
ALTER TABLE DRINKOCCASION DROP CONSTRAINT FK_DRINKOCCASION_DBMOVIE_ID
DROP TABLE DBMOVIE
DROP TABLE DRINKOCCASION
CREATE TABLE DBMOVIE (ID INTEGER NOT NULL, NAME VARCHAR(255), PRIMARY KEY (ID))
CREATE TABLE DRINKOCCASION (ID INTEGER NOT NULL, cnt INTEGER, TEXT VARCHAR(255), DBMOVIE_ID INTEGER, PRIMARY KEY (ID))
ALTER TABLE DRINKOCCASION ADD CONSTRAINT FK_DRINKOCCASION_DBMOVIE_ID FOREIGN KEY (DBMOVIE_ID) REFERENCES DBMOVIE (ID)
DELETE FROM SEQUENCE WHERE SEQ_NAME='SEQ_GEN'
COMMIT
INSERT INTO SEQUENCE VALUES('SEQ_GEN',0)
COMMIT
DELETE FROM SEQUENCE WHERE SEQ_NAME='SEQ_GEN'
INSERT INTO SEQUENCE VALUES('SEQ_GEN',50)
COMMIT
INSERT INTO DBMOVIE VALUES(1,'Fast and Furious 6')
INSERT INTO DRINKOCCASION VALUES(8,15,'cars',1)
INSERT INTO DRINKOCCASION VALUES(14,13,'team',1)
INSERT INTO DRINKOCCASION VALUES(2,41,'shaw',1)
INSERT INTO DRINKOCCASION VALUES(5,16,'hobbs',1)
INSERT INTO DRINKOCCASION VALUES(12,13,'gonna',1)
INSERT INTO DRINKOCCASION VALUES(17,7,'damn',1)
INSERT INTO DRINKOCCASION VALUES(10,14,'brian',1)
INSERT INTO DRINKOCCASION VALUES(6,16,'shit',1)
INSERT INTO DRINKOCCASION VALUES(19,6,'gotta',1)
INSERT INTO DRINKOCCASION VALUES(20,6,'military',1)
INSERT INTO DRINKOCCASION VALUES(3,19,'letty',1)
INSERT INTO DRINKOCCASION VALUES(16,7,'braga',1)
INSERT INTO DRINKOCCASION VALUES(11,14,'guys',1)
INSERT INTO DRINKOCCASION VALUES(13,13,'okay',1)
INSERT INTO DRINKOCCASION VALUES(21,6,'o''conner',1)
INSERT INTO DRINKOCCASION VALUES(7,16,'toretto',1)
INSERT INTO DRINKOCCASION VALUES(18,6,'bitch',1)
INSERT INTO DRINKOCCASION VALUES(9,15,'shaw''s',1)
INSERT INTO DRINKOCCASION VALUES(15,9,'interpol',1)
INSERT INTO DRINKOCCASION VALUES(4,18,'yeah',1)
COMMIT
INSERT INTO DBMOVIE VALUES(22,'Star Wars Episode II')
INSERT INTO DRINKOCCASION VALUES(28,15,'republic',22)
INSERT INTO DRINKOCCASION VALUES(29,15,'senate',22)
INSERT INTO DRINKOCCASION VALUES(31,10,'hunter',22)
INSERT INTO DRINKOCCASION VALUES(27,15,'milady',22)
INSERT INTO DRINKOCCASION VALUES(36,8,'droids',22)
INSERT INTO DRINKOCCASION VALUES(41,8,'yoda',22)
INSERT INTO DRINKOCCASION VALUES(38,8,'jango',22)
INSERT INTO DRINKOCCASION VALUES(40,8,'naboo',22)
INSERT INTO DRINKOCCASION VALUES(23,49,'jedi',22)
INSERT INTO DRINKOCCASION VALUES(39,8,'kamino',22)
INSERT INTO DRINKOCCASION VALUES(25,29,'senator',22)
INSERT INTO DRINKOCCASION VALUES(34,9,'amidala',22)
INSERT INTO DRINKOCCASION VALUES(32,10,'kenobi',22)
INSERT INTO DRINKOCCASION VALUES(33,10,'padm',22)
INSERT INTO DRINKOCCASION VALUES(37,8,'gonna',22)
INSERT INTO DRINKOCCASION VALUES(30,11,'bounty',22)
INSERT INTO DRINKOCCASION VALUES(26,16,'dooku',22)
INSERT INTO DRINKOCCASION VALUES(35,8,'clone',22)
INSERT INTO DRINKOCCASION VALUES(24,30,'anakin',22)
INSERT INTO DRINKOCCASION VALUES(42,7,'federation',22)
COMMIT
DELETE FROM SEQUENCE WHERE SEQ_NAME='SEQ_GEN'
INSERT INTO SEQUENCE VALUES('SEQ_GEN',100)
COMMIT
INSERT INTO DBMOVIE VALUES(43,'Inglourious Basterds')
INSERT INTO DRINKOCCASION VALUES(56,7,'basement',43)
INSERT INTO DRINKOCCASION VALUES(49,10,'fucking',43)
INSERT INTO DRINKOCCASION VALUES(54,8,'shosanna',43)
INSERT INTO DRINKOCCASION VALUES(60,7,'werner',43)
INSERT INTO DRINKOCCASION VALUES(55,8,'utivich',43)
INSERT INTO DRINKOCCASION VALUES(61,6,'basterds',43)
INSERT INTO DRINKOCCASION VALUES(46,14,'yeah',43)
INSERT INTO DRINKOCCASION VALUES(57,7,'damn',43)
INSERT INTO DRINKOCCASION VALUES(52,8,'goddamn',43)
INSERT INTO DRINKOCCASION VALUES(59,7,'premiere',43)
INSERT INTO DRINKOCCASION VALUES(63,6,'hammersmark',43)
INSERT INTO DRINKOCCASION VALUES(62,6,'dreyfuses',43)
INSERT INTO DRINKOCCASION VALUES(48,10,'fuck',43)
INSERT INTO DRINKOCCASION VALUES(45,15,'aldo',43)
INSERT INTO DRINKOCCASION VALUES(44,18,'lieutenant',43)
INSERT INTO DRINKOCCASION VALUES(50,10,'goebbels',43)
INSERT INTO DRINKOCCASION VALUES(51,9,'nazis',43)
INSERT INTO DRINKOCCASION VALUES(58,7,'donny',43)
INSERT INTO DRINKOCCASION VALUES(47,11,'nazi',43)
INSERT INTO DRINKOCCASION VALUES(53,8,'okay',43)
COMMIT
INSERT INTO DBMOVIE VALUES(64,'The Hobbit')
INSERT INTO DRINKOCCASION VALUES(82,4,'sickness',64)
INSERT INTO DRINKOCCASION VALUES(81,4,'parasites',64)
INSERT INTO DRINKOCCASION VALUES(69,8,'burgler',64)
INSERT INTO DRINKOCCASION VALUES(79,4,'guldur',64)
INSERT INTO DRINKOCCASION VALUES(78,4,'gollem',64)
INSERT INTO DRINKOCCASION VALUES(68,10,'orcs',64)
INSERT INTO DRINKOCCASION VALUES(73,5,'excuse',64)
INSERT INTO DRINKOCCASION VALUES(66,15,'dwarfs',64)
INSERT INTO DRINKOCCASION VALUES(65,19,'hobbit',64)
INSERT INTO DRINKOCCASION VALUES(80,4,'mithrandir',64)
INSERT INTO DRINKOCCASION VALUES(71,6,'alright',64)
INSERT INTO DRINKOCCASION VALUES(77,4,'frodo',64)
INSERT INTO DRINKOCCASION VALUES(70,7,'radagast',64)
INSERT INTO DRINKOCCASION VALUES(74,5,'necromancer',64)
INSERT INTO DRINKOCCASION VALUES(84,3,'addic7ed',64)
INSERT INTO DRINKOCCASION VALUES(83,4,'would''ve',64)
INSERT INTO DRINKOCCASION VALUES(67,11,'erebor',64)
INSERT INTO DRINKOCCASION VALUES(72,6,'quest',64)
INSERT INTO DRINKOCCASION VALUES(76,4,'c''mon',64)
INSERT INTO DRINKOCCASION VALUES(75,4,'azog',64)
COMMIT
DELETE FROM SEQUENCE WHERE SEQ_NAME='SEQ_GEN'
INSERT INTO SEQUENCE VALUES('SEQ_GEN',150)
COMMIT
INSERT INTO DBMOVIE VALUES(85,'Star Wars Episode 1')
INSERT INTO DRINKOCCASION VALUES(104,16,'gonna',85)
INSERT INTO DRINKOCCASION VALUES(91,29,'anakin',85)
INSERT INTO DRINKOCCASION VALUES(88,39,'highness',85)
INSERT INTO DRINKOCCASION VALUES(99,20,'senator',85)
INSERT INTO DRINKOCCASION VALUES(98,20,'jarjar',85)
INSERT INTO DRINKOCCASION VALUES(96,22,'viceroy',85)
INSERT INTO DRINKOCCASION VALUES(90,32,'federation',85)
INSERT INTO DRINKOCCASION VALUES(95,23,'droid',85)
INSERT INTO DRINKOCCASION VALUES(89,37,'mesa',85)
INSERT INTO DRINKOCCASION VALUES(92,29,'naboo',85)
INSERT INTO DRINKOCCASION VALUES(93,28,'senate',85)
INSERT INTO DRINKOCCASION VALUES(86,47,'jedi',85)
INSERT INTO DRINKOCCASION VALUES(102,19,'republic',85)
INSERT INTO DRINKOCCASION VALUES(97,21,'wesa',85)
INSERT INTO DRINKOCCASION VALUES(100,19,'foryou',85)
INSERT INTO DRINKOCCASION VALUES(94,27,'yousa',85)
INSERT INTO DRINKOCCASION VALUES(105,15,'gungans',85)
INSERT INTO DRINKOCCASION VALUES(87,42,'chancellor',85)
INSERT INTO DRINKOCCASION VALUES(103,16,'apprentice',85)
INSERT INTO DRINKOCCASION VALUES(101,19,'planet',85)
COMMIT
INSERT INTO DBMOVIE VALUES(106,'Mega Piranha')
INSERT INTO DRINKOCCASION VALUES(113,8,'gordon',106)
INSERT INTO DRINKOCCASION VALUES(109,11,'piranhas',106)
INSERT INTO DRINKOCCASION VALUES(117,6,'monroe',106)
INSERT INTO DRINKOCCASION VALUES(112,8,'florida',106)
INSERT INTO DRINKOCCASION VALUES(124,5,'test',106)
INSERT INTO DRINKOCCASION VALUES(123,5,'radio',106)
INSERT INTO DRINKOCCASION VALUES(121,5,'hurricane',106)
INSERT INTO DRINKOCCASION VALUES(108,23,'diaz',106)
INSERT INTO DRINKOCCASION VALUES(119,5,'gills',106)
INSERT INTO DRINKOCCASION VALUES(125,5,'venezuela',106)
INSERT INTO DRINKOCCASION VALUES(114,7,'coast',106)
INSERT INTO DRINKOCCASION VALUES(116,6,'grady',106)
INSERT INTO DRINKOCCASION VALUES(122,5,'orinoco',106)
INSERT INTO DRINKOCCASION VALUES(115,6,'attacked',106)
INSERT INTO DRINKOCCASION VALUES(110,9,'helicopter',106)
INSERT INTO DRINKOCCASION VALUES(118,5,'estuary',106)
INSERT INTO DRINKOCCASION VALUES(126,4,'area',106)
INSERT INTO DRINKOCCASION VALUES(120,5,'helicopters',106)
INSERT INTO DRINKOCCASION VALUES(111,9,'piranha',106)
INSERT INTO DRINKOCCASION VALUES(107,31,'fitch',106)
COMMIT
INSERT INTO DBMOVIE VALUES(127,'Finding Nemo')
INSERT INTO DRINKOCCASION VALUES(145,12,'gotta',127)
INSERT INTO DRINKOCCASION VALUES(129,60,'dory',127)
INSERT INTO DRINKOCCASION VALUES(147,11,'coral',127)
INSERT INTO DRINKOCCASION VALUES(139,16,'whale',127)
INSERT INTO DRINKOCCASION VALUES(137,23,'ocean',127)
INSERT INTO DRINKOCCASION VALUES(128,83,'nemo',127)
INSERT INTO DRINKOCCASION VALUES(143,13,'whoo',127)
INSERT INTO DRINKOCCASION VALUES(135,24,'dude',127)
INSERT INTO DRINKOCCASION VALUES(136,24,'swimming',127)
INSERT INTO DRINKOCCASION VALUES(130,35,'whoa',127)
INSERT INTO DRINKOCCASION VALUES(140,15,'wallaby',127)
INSERT INTO DRINKOCCASION VALUES(141,14,'gill',127)
INSERT INTO DRINKOCCASION VALUES(138,16,'sherman',127)
INSERT INTO DRINKOCCASION VALUES(142,13,'mask',127)
INSERT INTO DRINKOCCASION VALUES(133,27,'sydney',127)
INSERT INTO DRINKOCCASION VALUES(132,31,'yeah',127)
INSERT INTO DRINKOCCASION VALUES(146,11,'clownfish',127)
INSERT INTO DRINKOCCASION VALUES(144,12,'daddy',127)
INSERT INTO DRINKOCCASION VALUES(134,25,'sharkbait',127)
INSERT INTO DRINKOCCASION VALUES(131,33,'gonna',127)
COMMIT
DELETE FROM SEQUENCE WHERE SEQ_NAME='SEQ_GEN'
INSERT INTO SEQUENCE VALUES('SEQ_GEN',200)
COMMIT
INSERT INTO DBMOVIE VALUES(148,'Star Wars Episode III')
INSERT INTO DRINKOCCASION VALUES(161,9,'droids',148)
INSERT INTO DRINKOCCASION VALUES(157,11,'dooku',148)
INSERT INTO DRINKOCCASION VALUES(166,7,'skywalker',148)
INSERT INTO DRINKOCCASION VALUES(165,7,'gonna',148)
INSERT INTO DRINKOCCASION VALUES(167,6,'activate',148)
INSERT INTO DRINKOCCASION VALUES(160,10,'palpatine',148)
INSERT INTO DRINKOCCASION VALUES(151,36,'chancellor',148)
INSERT INTO DRINKOCCASION VALUES(158,10,'apprentice',148)
INSERT INTO DRINKOCCASION VALUES(162,9,'vader',148)
INSERT INTO DRINKOCCASION VALUES(153,19,'grievous',148)
INSERT INTO DRINKOCCASION VALUES(168,6,'worry',148)
INSERT INTO DRINKOCCASION VALUES(154,18,'senate',148)
INSERT INTO DRINKOCCASION VALUES(164,8,'yoda',148)
INSERT INTO DRINKOCCASION VALUES(152,20,'sith',148)
INSERT INTO DRINKOCCASION VALUES(150,47,'anakin',148)
INSERT INTO DRINKOCCASION VALUES(149,68,'jedi',148)
INSERT INTO DRINKOCCASION VALUES(156,16,'republic',148)
INSERT INTO DRINKOCCASION VALUES(159,10,'padm',148)
INSERT INTO DRINKOCCASION VALUES(163,8,'darth',148)
INSERT INTO DRINKOCCASION VALUES(155,16,'kenobi',148)
COMMIT
INSERT INTO DBMOVIE VALUES(169,'New Kids Turbo')
INSERT INTO DRINKOCCASION VALUES(183,7,'crisis',169)
INSERT INTO DRINKOCCASION VALUES(180,8,'batsbak',169)
INSERT INTO DRINKOCCASION VALUES(178,13,'guys',169)
INSERT INTO DRINKOCCASION VALUES(181,8,'bosch',169)
INSERT INTO DRINKOCCASION VALUES(176,15,'rikkert',169)
INSERT INTO DRINKOCCASION VALUES(182,8,'richard',169)
INSERT INTO DRINKOCCASION VALUES(188,6,'coppers',169)
INSERT INTO DRINKOCCASION VALUES(189,6,'honk',169)
INSERT INTO DRINKOCCASION VALUES(177,13,'fucking',169)
INSERT INTO DRINKOCCASION VALUES(171,38,'cunt',169)
INSERT INTO DRINKOCCASION VALUES(175,16,'homo',169)
INSERT INTO DRINKOCCASION VALUES(179,12,'gerrie',169)
INSERT INTO DRINKOCCASION VALUES(185,7,'schijndel',169)
INSERT INTO DRINKOCCASION VALUES(187,6,'anymore',169)
INSERT INTO DRINKOCCASION VALUES(173,19,'maaskantje',169)
INSERT INTO DRINKOCCASION VALUES(172,21,'goddammit',169)
INSERT INTO DRINKOCCASION VALUES(170,58,'dude',169)
INSERT INTO DRINKOCCASION VALUES(186,7,'whore',169)
INSERT INTO DRINKOCCASION VALUES(184,7,'euros',169)
INSERT INTO DRINKOCCASION VALUES(174,18,'fuck',169)
COMMIT
DELETE FROM SEQUENCE WHERE SEQ_NAME='SEQ_GEN'
INSERT INTO SEQUENCE VALUES('SEQ_GEN',250)
COMMIT
INSERT INTO DBMOVIE VALUES(190,'Machete')
INSERT INTO DRINKOCCASION VALUES(200,15,'network',190)
INSERT INTO DRINKOCCASION VALUES(202,12,'wanna',190)
INSERT INTO DRINKOCCASION VALUES(197,17,'shit',190)
INSERT INTO DRINKOCCASION VALUES(193,27,'gonna',190)
INSERT INTO DRINKOCCASION VALUES(191,48,'senator',190)
INSERT INTO DRINKOCCASION VALUES(195,23,'border',190)
INSERT INTO DRINKOCCASION VALUES(194,24,'mclaughlin',190)
INSERT INTO DRINKOCCASION VALUES(204,10,'boss',190)
INSERT INTO DRINKOCCASION VALUES(207,7,'booth',190)
INSERT INTO DRINKOCCASION VALUES(209,7,'padre',190)
INSERT INTO DRINKOCCASION VALUES(210,7,'where''s',190)
INSERT INTO DRINKOCCASION VALUES(203,11,'fucking',190)
INSERT INTO DRINKOCCASION VALUES(201,12,'damn',190)
INSERT INTO DRINKOCCASION VALUES(199,16,'torrez',190)
INSERT INTO DRINKOCCASION VALUES(205,9,'drug',190)
INSERT INTO DRINKOCCASION VALUES(206,9,'illegal',190)
INSERT INTO DRINKOCCASION VALUES(192,36,'machete',190)
INSERT INTO DRINKOCCASION VALUES(198,16,'mexican',190)
INSERT INTO DRINKOCCASION VALUES(196,17,'fuck',190)
INSERT INTO DRINKOCCASION VALUES(208,7,'immigration',190)
COMMIT
INSERT INTO DBMOVIE VALUES(211,'Life Of Brian')
INSERT INTO DRINKOCCASION VALUES(225,10,'welease',211)
INSERT INTO DRINKOCCASION VALUES(220,15,'gonna',211)
INSERT INTO DRINKOCCASION VALUES(213,39,'yeah',211)
INSERT INTO DRINKOCCASION VALUES(218,16,'shhh',211)
INSERT INTO DRINKOCCASION VALUES(214,24,'messiah',211)
INSERT INTO DRINKOCCASION VALUES(221,12,'hail',211)
INSERT INTO DRINKOCCASION VALUES(222,11,'gourd',211)
INSERT INTO DRINKOCCASION VALUES(227,8,'bastards',211)
INSERT INTO DRINKOCCASION VALUES(230,8,'judith',211)
INSERT INTO DRINKOCCASION VALUES(212,83,'brian',211)
INSERT INTO DRINKOCCASION VALUES(223,11,'judean',211)
INSERT INTO DRINKOCCASION VALUES(231,8,'miracle',211)
INSERT INTO DRINKOCCASION VALUES(215,24,'romans',211)
INSERT INTO DRINKOCCASION VALUES(217,17,'crucifixion',211)
INSERT INTO DRINKOCCASION VALUES(224,10,'biggus',211)
INSERT INTO DRINKOCCASION VALUES(216,19,'people''s',211)
INSERT INTO DRINKOCCASION VALUES(226,9,'babies',211)
INSERT INTO DRINKOCCASION VALUES(228,8,'jehovah',211)
INSERT INTO DRINKOCCASION VALUES(229,8,'joke',211)
INSERT INTO DRINKOCCASION VALUES(219,15,'bloody',211)
COMMIT
DELETE FROM SEQUENCE WHERE SEQ_NAME='SEQ_GEN'
INSERT INTO SEQUENCE VALUES('SEQ_GEN',300)
COMMIT
INSERT INTO DBMOVIE VALUES(232,'Despicable Me')
INSERT INTO DRINKOCCASION VALUES(239,9,'clink',232)
INSERT INTO DRINKOCCASION VALUES(237,10,'gonna',232)
INSERT INTO DRINKOCCASION VALUES(249,5,'goodbye',232)
INSERT INTO DRINKOCCASION VALUES(246,6,'robots',232)
INSERT INTO DRINKOCCASION VALUES(251,5,'margo',232)
INSERT INTO DRINKOCCASION VALUES(243,6,'bedtime',232)
INSERT INTO DRINKOCCASION VALUES(241,8,'unicorn',232)
INSERT INTO DRINKOCCASION VALUES(242,7,'edith',232)
INSERT INTO DRINKOCCASION VALUES(252,5,'perkins',232)
INSERT INTO DRINKOCCASION VALUES(235,12,'kittens',232)
INSERT INTO DRINKOCCASION VALUES(236,11,'cookies',232)
INSERT INTO DRINKOCCASION VALUES(233,43,'okay',232)
INSERT INTO DRINKOCCASION VALUES(247,5,'fluffy',232)
INSERT INTO DRINKOCCASION VALUES(238,10,'vector',232)
INSERT INTO DRINKOCCASION VALUES(248,5,'freeze',232)
INSERT INTO DRINKOCCASION VALUES(244,6,'miss',232)
INSERT INTO DRINKOCCASION VALUES(234,15,'yeah',232)
INSERT INTO DRINKOCCASION VALUES(240,9,'shrink',232)
INSERT INTO DRINKOCCASION VALUES(250,5,'hattie',232)
INSERT INTO DRINKOCCASION VALUES(245,6,'pyramid',232)
COMMIT
INSERT INTO DBMOVIE VALUES(253,'The Big Lebowski')
INSERT INTO DRINKOCCASION VALUES(258,63,'walter',253)
INSERT INTO DRINKOCCASION VALUES(266,13,'jeffrey',253)
INSERT INTO DRINKOCCASION VALUES(254,134,'dude',253)
INSERT INTO DRINKOCCASION VALUES(263,26,'donny',253)
INSERT INTO DRINKOCCASION VALUES(269,11,'bowling',253)
INSERT INTO DRINKOCCASION VALUES(264,26,'shit',253)
INSERT INTO DRINKOCCASION VALUES(268,13,'treehorn',253)
INSERT INTO DRINKOCCASION VALUES(262,27,'larry',253)
INSERT INTO DRINKOCCASION VALUES(260,35,'fuckin''',253)
INSERT INTO DRINKOCCASION VALUES(272,11,'league',253)
INSERT INTO DRINKOCCASION VALUES(270,11,'bunny',253)
INSERT INTO DRINKOCCASION VALUES(267,13,'million',253)
INSERT INTO DRINKOCCASION VALUES(256,90,'fuck',253)
INSERT INTO DRINKOCCASION VALUES(265,14,'jackie',253)
INSERT INTO DRINKOCCASION VALUES(273,10,'brandt',253)
INSERT INTO DRINKOCCASION VALUES(259,57,'yeah',253)
INSERT INTO DRINKOCCASION VALUES(261,28,'gonna',253)
INSERT INTO DRINKOCCASION VALUES(255,112,'fucking',253)
INSERT INTO DRINKOCCASION VALUES(257,83,'lebowski',253)
INSERT INTO DRINKOCCASION VALUES(271,11,'fucked',253)
COMMIT
DELETE FROM DRINKOCCASION WHERE ID=2
DELETE FROM DRINKOCCASION WHERE ID=3
DELETE FROM DRINKOCCASION WHERE ID=4
DELETE FROM DRINKOCCASION WHERE ID=5
DELETE FROM DRINKOCCASION WHERE ID=6
DELETE FROM DRINKOCCASION WHERE ID=7
DELETE FROM DRINKOCCASION WHERE ID=8
DELETE FROM DRINKOCCASION WHERE ID=9
DELETE FROM DRINKOCCASION WHERE ID=10
DELETE FROM DRINKOCCASION WHERE ID=11
DELETE FROM DRINKOCCASION WHERE ID=12
DELETE FROM DRINKOCCASION WHERE ID=13
DELETE FROM DRINKOCCASION WHERE ID=14
DELETE FROM DRINKOCCASION WHERE ID=15
DELETE FROM DRINKOCCASION WHERE ID=16
DELETE FROM DRINKOCCASION WHERE ID=17
DELETE FROM DRINKOCCASION WHERE ID=18
DELETE FROM DRINKOCCASION WHERE ID=19
DELETE FROM DRINKOCCASION WHERE ID=20
DELETE FROM DRINKOCCASION WHERE ID=21
DELETE FROM DRINKOCCASION WHERE ID=23
DELETE FROM DRINKOCCASION WHERE ID=24
DELETE FROM DRINKOCCASION WHERE ID=25
DELETE FROM DRINKOCCASION WHERE ID=26
DELETE FROM DRINKOCCASION WHERE ID=27
DELETE FROM DRINKOCCASION WHERE ID=28
DELETE FROM DRINKOCCASION WHERE ID=29
DELETE FROM DRINKOCCASION WHERE ID=30
DELETE FROM DRINKOCCASION WHERE ID=31
DELETE FROM DRINKOCCASION WHERE ID=32
DELETE FROM DRINKOCCASION WHERE ID=33
DELETE FROM DRINKOCCASION WHERE ID=34
DELETE FROM DRINKOCCASION WHERE ID=35
DELETE FROM DRINKOCCASION WHERE ID=36
DELETE FROM DRINKOCCASION WHERE ID=37
DELETE FROM DRINKOCCASION WHERE ID=38
DELETE FROM DRINKOCCASION WHERE ID=39
DELETE FROM DRINKOCCASION WHERE ID=40
DELETE FROM DRINKOCCASION WHERE ID=41
DELETE FROM DRINKOCCASION WHERE ID=42
DELETE FROM DRINKOCCASION WHERE ID=44
DELETE FROM DRINKOCCASION WHERE ID=45
DELETE FROM DRINKOCCASION WHERE ID=46
DELETE FROM DRINKOCCASION WHERE ID=47
DELETE FROM DRINKOCCASION WHERE ID=48
DELETE FROM DRINKOCCASION WHERE ID=49
DELETE FROM DRINKOCCASION WHERE ID=50
DELETE FROM DRINKOCCASION WHERE ID=51
DELETE FROM DRINKOCCASION WHERE ID=52
DELETE FROM DRINKOCCASION WHERE ID=53
DELETE FROM DRINKOCCASION WHERE ID=54
DELETE FROM DRINKOCCASION WHERE ID=55
DELETE FROM DRINKOCCASION WHERE ID=56
DELETE FROM DRINKOCCASION WHERE ID=57
DELETE FROM DRINKOCCASION WHERE ID=58
DELETE FROM DRINKOCCASION WHERE ID=59
DELETE FROM DRINKOCCASION WHERE ID=60
DELETE FROM DRINKOCCASION WHERE ID=61
DELETE FROM DRINKOCCASION WHERE ID=62
DELETE FROM DRINKOCCASION WHERE ID=63
DELETE FROM DRINKOCCASION WHERE ID=65
DELETE FROM DRINKOCCASION WHERE ID=66
DELETE FROM DRINKOCCASION WHERE ID=67
DELETE FROM DRINKOCCASION WHERE ID=68
DELETE FROM DRINKOCCASION WHERE ID=69
DELETE FROM DRINKOCCASION WHERE ID=70
DELETE FROM DRINKOCCASION WHERE ID=71
DELETE FROM DRINKOCCASION WHERE ID=72
DELETE FROM DRINKOCCASION WHERE ID=73
DELETE FROM DRINKOCCASION WHERE ID=74
DELETE FROM DRINKOCCASION WHERE ID=75
DELETE FROM DRINKOCCASION WHERE ID=76
DELETE FROM DRINKOCCASION WHERE ID=77
DELETE FROM DRINKOCCASION WHERE ID=78
DELETE FROM DRINKOCCASION WHERE ID=79
DELETE FROM DRINKOCCASION WHERE ID=80
DELETE FROM DRINKOCCASION WHERE ID=81
DELETE FROM DRINKOCCASION WHERE ID=82
DELETE FROM DRINKOCCASION WHERE ID=83
DELETE FROM DRINKOCCASION WHERE ID=84
DELETE FROM DRINKOCCASION WHERE ID=86
DELETE FROM DRINKOCCASION WHERE ID=87
DELETE FROM DRINKOCCASION WHERE ID=88
DELETE FROM DRINKOCCASION WHERE ID=89
DELETE FROM DRINKOCCASION WHERE ID=90
DELETE FROM DRINKOCCASION WHERE ID=91
DELETE FROM DRINKOCCASION WHERE ID=92
DELETE FROM DRINKOCCASION WHERE ID=93
DELETE FROM DRINKOCCASION WHERE ID=94
DELETE FROM DRINKOCCASION WHERE ID=95
DELETE FROM DRINKOCCASION WHERE ID=96
DELETE FROM DRINKOCCASION WHERE ID=97
DELETE FROM DRINKOCCASION WHERE ID=98
DELETE FROM DRINKOCCASION WHERE ID=99
DELETE FROM DRINKOCCASION WHERE ID=100
DELETE FROM DRINKOCCASION WHERE ID=101
DELETE FROM DRINKOCCASION WHERE ID=102
DELETE FROM DRINKOCCASION WHERE ID=103
DELETE FROM DRINKOCCASION WHERE ID=104
DELETE FROM DRINKOCCASION WHERE ID=105
DELETE FROM DRINKOCCASION WHERE ID=107
DELETE FROM DRINKOCCASION WHERE ID=108
DELETE FROM DRINKOCCASION WHERE ID=109
DELETE FROM DRINKOCCASION WHERE ID=110
DELETE FROM DRINKOCCASION WHERE ID=111
DELETE FROM DRINKOCCASION WHERE ID=112
DELETE FROM DRINKOCCASION WHERE ID=113
DELETE FROM DRINKOCCASION WHERE ID=114
DELETE FROM DRINKOCCASION WHERE ID=115
DELETE FROM DRINKOCCASION WHERE ID=116
DELETE FROM DRINKOCCASION WHERE ID=117
DELETE FROM DRINKOCCASION WHERE ID=118
DELETE FROM DRINKOCCASION WHERE ID=119
DELETE FROM DRINKOCCASION WHERE ID=120
DELETE FROM DRINKOCCASION WHERE ID=121
DELETE FROM DRINKOCCASION WHERE ID=122
DELETE FROM DRINKOCCASION WHERE ID=123
DELETE FROM DRINKOCCASION WHERE ID=124
DELETE FROM DRINKOCCASION WHERE ID=125
DELETE FROM DRINKOCCASION WHERE ID=126
DELETE FROM DRINKOCCASION WHERE ID=128
DELETE FROM DRINKOCCASION WHERE ID=129
DELETE FROM DRINKOCCASION WHERE ID=130
DELETE FROM DRINKOCCASION WHERE ID=131
DELETE FROM DRINKOCCASION WHERE ID=132
DELETE FROM DRINKOCCASION WHERE ID=133
DELETE FROM DRINKOCCASION WHERE ID=134
DELETE FROM DRINKOCCASION WHERE ID=135
DELETE FROM DRINKOCCASION WHERE ID=136
DELETE FROM DRINKOCCASION WHERE ID=137
DELETE FROM DRINKOCCASION WHERE ID=138
DELETE FROM DRINKOCCASION WHERE ID=139
DELETE FROM DRINKOCCASION WHERE ID=140
DELETE FROM DRINKOCCASION WHERE ID=141
DELETE FROM DRINKOCCASION WHERE ID=142
DELETE FROM DRINKOCCASION WHERE ID=143
DELETE FROM DRINKOCCASION WHERE ID=144
DELETE FROM DRINKOCCASION WHERE ID=145
DELETE FROM DRINKOCCASION WHERE ID=146
DELETE FROM DRINKOCCASION WHERE ID=147
DELETE FROM DRINKOCCASION WHERE ID=149
DELETE FROM DRINKOCCASION WHERE ID=150
DELETE FROM DRINKOCCASION WHERE ID=151
DELETE FROM DRINKOCCASION WHERE ID=152
DELETE FROM DRINKOCCASION WHERE ID=153
DELETE FROM DRINKOCCASION WHERE ID=154
DELETE FROM DRINKOCCASION WHERE ID=155
DELETE FROM DRINKOCCASION WHERE ID=156
DELETE FROM DRINKOCCASION WHERE ID=157
DELETE FROM DRINKOCCASION WHERE ID=158
DELETE FROM DRINKOCCASION WHERE ID=159
DELETE FROM DRINKOCCASION WHERE ID=160
DELETE FROM DRINKOCCASION WHERE ID=161
DELETE FROM DRINKOCCASION WHERE ID=162
DELETE FROM DRINKOCCASION WHERE ID=163
DELETE FROM DRINKOCCASION WHERE ID=164
DELETE FROM DRINKOCCASION WHERE ID=165
DELETE FROM DRINKOCCASION WHERE ID=166
DELETE FROM DRINKOCCASION WHERE ID=167
DELETE FROM DRINKOCCASION WHERE ID=168
DELETE FROM DRINKOCCASION WHERE ID=170
DELETE FROM DRINKOCCASION WHERE ID=171
DELETE FROM DRINKOCCASION WHERE ID=172
DELETE FROM DRINKOCCASION WHERE ID=173
DELETE FROM DRINKOCCASION WHERE ID=174
DELETE FROM DRINKOCCASION WHERE ID=175
DELETE FROM DRINKOCCASION WHERE ID=176
DELETE FROM DRINKOCCASION WHERE ID=177
DELETE FROM DRINKOCCASION WHERE ID=178
DELETE FROM DRINKOCCASION WHERE ID=179
DELETE FROM DRINKOCCASION WHERE ID=180
DELETE FROM DRINKOCCASION WHERE ID=181
DELETE FROM DRINKOCCASION WHERE ID=182
DELETE FROM DRINKOCCASION WHERE ID=183
DELETE FROM DRINKOCCASION WHERE ID=184
DELETE FROM DRINKOCCASION WHERE ID=185
DELETE FROM DRINKOCCASION WHERE ID=186
DELETE FROM DRINKOCCASION WHERE ID=187
DELETE FROM DRINKOCCASION WHERE ID=188
DELETE FROM DRINKOCCASION WHERE ID=189
DELETE FROM DRINKOCCASION WHERE ID=191
DELETE FROM DRINKOCCASION WHERE ID=192
DELETE FROM DRINKOCCASION WHERE ID=193
DELETE FROM DRINKOCCASION WHERE ID=194
DELETE FROM DRINKOCCASION WHERE ID=195
DELETE FROM DRINKOCCASION WHERE ID=196
DELETE FROM DRINKOCCASION WHERE ID=197
DELETE FROM DRINKOCCASION WHERE ID=198
DELETE FROM DRINKOCCASION WHERE ID=199
DELETE FROM DRINKOCCASION WHERE ID=200
DELETE FROM DRINKOCCASION WHERE ID=201
DELETE FROM DRINKOCCASION WHERE ID=202
DELETE FROM DRINKOCCASION WHERE ID=203
DELETE FROM DRINKOCCASION WHERE ID=204
DELETE FROM DRINKOCCASION WHERE ID=205
DELETE FROM DRINKOCCASION WHERE ID=206
DELETE FROM DRINKOCCASION WHERE ID=207
DELETE FROM DRINKOCCASION WHERE ID=208
DELETE FROM DRINKOCCASION WHERE ID=209
DELETE FROM DRINKOCCASION WHERE ID=210
DELETE FROM DRINKOCCASION WHERE ID=212
DELETE FROM DRINKOCCASION WHERE ID=213
DELETE FROM DRINKOCCASION WHERE ID=214
DELETE FROM DRINKOCCASION WHERE ID=215
DELETE FROM DRINKOCCASION WHERE ID=216
DELETE FROM DRINKOCCASION WHERE ID=217
DELETE FROM DRINKOCCASION WHERE ID=218
DELETE FROM DRINKOCCASION WHERE ID=219
DELETE FROM DRINKOCCASION WHERE ID=220
DELETE FROM DRINKOCCASION WHERE ID=221
DELETE FROM DRINKOCCASION WHERE ID=222
DELETE FROM DRINKOCCASION WHERE ID=223
DELETE FROM DRINKOCCASION WHERE ID=224
DELETE FROM DRINKOCCASION WHERE ID=225
DELETE FROM DRINKOCCASION WHERE ID=226
DELETE FROM DRINKOCCASION WHERE ID=227
DELETE FROM DRINKOCCASION WHERE ID=228
DELETE FROM DRINKOCCASION WHERE ID=229
DELETE FROM DRINKOCCASION WHERE ID=230
DELETE FROM DRINKOCCASION WHERE ID=231
DELETE FROM DRINKOCCASION WHERE ID=233
DELETE FROM DRINKOCCASION WHERE ID=234
DELETE FROM DRINKOCCASION WHERE ID=235
DELETE FROM DRINKOCCASION WHERE ID=236
DELETE FROM DRINKOCCASION WHERE ID=237
DELETE FROM DRINKOCCASION WHERE ID=238
DELETE FROM DRINKOCCASION WHERE ID=239
DELETE FROM DRINKOCCASION WHERE ID=240
DELETE FROM DRINKOCCASION WHERE ID=241
DELETE FROM DRINKOCCASION WHERE ID=242
DELETE FROM DRINKOCCASION WHERE ID=243
DELETE FROM DRINKOCCASION WHERE ID=244
DELETE FROM DRINKOCCASION WHERE ID=245
DELETE FROM DRINKOCCASION WHERE ID=246
DELETE FROM DRINKOCCASION WHERE ID=247
DELETE FROM DRINKOCCASION WHERE ID=248
DELETE FROM DRINKOCCASION WHERE ID=249
DELETE FROM DRINKOCCASION WHERE ID=250
DELETE FROM DRINKOCCASION WHERE ID=251
DELETE FROM DRINKOCCASION WHERE ID=252
DELETE FROM DRINKOCCASION WHERE ID=254
DELETE FROM DRINKOCCASION WHERE ID=255
DELETE FROM DRINKOCCASION WHERE ID=256
DELETE FROM DRINKOCCASION WHERE ID=257
DELETE FROM DRINKOCCASION WHERE ID=258
DELETE FROM DRINKOCCASION WHERE ID=259
DELETE FROM DRINKOCCASION WHERE ID=260
DELETE FROM DRINKOCCASION WHERE ID=261
DELETE FROM DRINKOCCASION WHERE ID=262
DELETE FROM DRINKOCCASION WHERE ID=263
DELETE FROM DRINKOCCASION WHERE ID=264
DELETE FROM DRINKOCCASION WHERE ID=265
DELETE FROM DRINKOCCASION WHERE ID=266
DELETE FROM DRINKOCCASION WHERE ID=267
DELETE FROM DRINKOCCASION WHERE ID=268
DELETE FROM DRINKOCCASION WHERE ID=269
DELETE FROM DRINKOCCASION WHERE ID=270
DELETE FROM DRINKOCCASION WHERE ID=271
DELETE FROM DRINKOCCASION WHERE ID=272
DELETE FROM DRINKOCCASION WHERE ID=273
DELETE FROM DBMOVIE WHERE ID=1
DELETE FROM DBMOVIE WHERE ID=22
DELETE FROM DBMOVIE WHERE ID=43
DELETE FROM DBMOVIE WHERE ID=64
DELETE FROM DBMOVIE WHERE ID=85
DELETE FROM DBMOVIE WHERE ID=106
DELETE FROM DBMOVIE WHERE ID=127
DELETE FROM DBMOVIE WHERE ID=148
DELETE FROM DBMOVIE WHERE ID=169
DELETE FROM DBMOVIE WHERE ID=190
DELETE FROM DBMOVIE WHERE ID=211
DELETE FROM DBMOVIE WHERE ID=232
DELETE FROM DBMOVIE WHERE ID=253
COMMIT
INSERT INTO DBMOVIE VALUES(274,'Fast and Furious 6')
INSERT INTO DRINKOCCASION VALUES(279,16,'shit',274)
INSERT INTO DRINKOCCASION VALUES(283,14,'brian',274)
INSERT INTO DRINKOCCASION VALUES(287,13,'team',274)
INSERT INTO DRINKOCCASION VALUES(291,6,'bitch',274)
INSERT INTO DRINKOCCASION VALUES(288,9,'interpol',274)
INSERT INTO DRINKOCCASION VALUES(289,7,'braga',274)
INSERT INTO DRINKOCCASION VALUES(280,16,'toretto',274)
INSERT INTO DRINKOCCASION VALUES(275,41,'shaw',274)
INSERT INTO DRINKOCCASION VALUES(294,6,'o''conner',274)
INSERT INTO DRINKOCCASION VALUES(290,7,'damn',274)
INSERT INTO DRINKOCCASION VALUES(284,14,'guys',274)
INSERT INTO DRINKOCCASION VALUES(281,15,'cars',274)
INSERT INTO DRINKOCCASION VALUES(282,15,'shaw''s',274)
INSERT INTO DRINKOCCASION VALUES(286,13,'okay',274)
INSERT INTO DRINKOCCASION VALUES(278,16,'hobbs',274)
INSERT INTO DRINKOCCASION VALUES(277,18,'yeah',274)
INSERT INTO DRINKOCCASION VALUES(276,19,'letty',274)
INSERT INTO DRINKOCCASION VALUES(292,6,'gotta',274)
INSERT INTO DRINKOCCASION VALUES(285,13,'gonna',274)
INSERT INTO DRINKOCCASION VALUES(293,6,'military',274)
COMMIT
DELETE FROM SEQUENCE WHERE SEQ_NAME='SEQ_GEN'
INSERT INTO SEQUENCE VALUES('SEQ_GEN',350)
COMMIT
INSERT INTO DBMOVIE VALUES(295,'Star Wars Episode II')
INSERT INTO DRINKOCCASION VALUES(315,7,'federation',295)
INSERT INTO DRINKOCCASION VALUES(305,10,'kenobi',295)
INSERT INTO DRINKOCCASION VALUES(297,30,'anakin',295)
INSERT INTO DRINKOCCASION VALUES(303,11,'bounty',295)
INSERT INTO DRINKOCCASION VALUES(302,15,'senate',295)
INSERT INTO DRINKOCCASION VALUES(306,10,'padm',295)
INSERT INTO DRINKOCCASION VALUES(299,16,'dooku',295)
INSERT INTO DRINKOCCASION VALUES(304,10,'hunter',295)
INSERT INTO DRINKOCCASION VALUES(307,9,'amidala',295)
INSERT INTO DRINKOCCASION VALUES(313,8,'naboo',295)
INSERT INTO DRINKOCCASION VALUES(312,8,'kamino',295)
INSERT INTO DRINKOCCASION VALUES(308,8,'clone',295)
INSERT INTO DRINKOCCASION VALUES(314,8,'yoda',295)
INSERT INTO DRINKOCCASION VALUES(298,29,'senator',295)
INSERT INTO DRINKOCCASION VALUES(310,8,'gonna',295)
INSERT INTO DRINKOCCASION VALUES(309,8,'droids',295)
INSERT INTO DRINKOCCASION VALUES(300,15,'milady',295)
INSERT INTO DRINKOCCASION VALUES(296,49,'jedi',295)
INSERT INTO DRINKOCCASION VALUES(301,15,'republic',295)
INSERT INTO DRINKOCCASION VALUES(311,8,'jango',295)
COMMIT
INSERT INTO DBMOVIE VALUES(316,'Inglourious Basterds')
INSERT INTO DRINKOCCASION VALUES(331,7,'donny',316)
INSERT INTO DRINKOCCASION VALUES(336,6,'hammersmark',316)
INSERT INTO DRINKOCCASION VALUES(328,8,'utivich',316)
INSERT INTO DRINKOCCASION VALUES(329,7,'basement',316)
INSERT INTO DRINKOCCASION VALUES(325,8,'goddamn',316)
INSERT INTO DRINKOCCASION VALUES(323,10,'goebbels',316)
INSERT INTO DRINKOCCASION VALUES(320,11,'nazi',316)
INSERT INTO DRINKOCCASION VALUES(333,7,'werner',316)
INSERT INTO DRINKOCCASION VALUES(334,6,'basterds',316)
INSERT INTO DRINKOCCASION VALUES(335,6,'dreyfuses',316)
INSERT INTO DRINKOCCASION VALUES(327,8,'shosanna',316)
INSERT INTO DRINKOCCASION VALUES(326,8,'okay',316)
INSERT INTO DRINKOCCASION VALUES(324,9,'nazis',316)
INSERT INTO DRINKOCCASION VALUES(319,14,'yeah',316)
INSERT INTO DRINKOCCASION VALUES(322,10,'fucking',316)
INSERT INTO DRINKOCCASION VALUES(332,7,'premiere',316)
INSERT INTO DRINKOCCASION VALUES(330,7,'damn',316)
INSERT INTO DRINKOCCASION VALUES(317,18,'lieutenant',316)
INSERT INTO DRINKOCCASION VALUES(321,10,'fuck',316)
INSERT INTO DRINKOCCASION VALUES(318,15,'aldo',316)
COMMIT
DELETE FROM SEQUENCE WHERE SEQ_NAME='SEQ_GEN'
INSERT INTO SEQUENCE VALUES('SEQ_GEN',400)
COMMIT
INSERT INTO DBMOVIE VALUES(337,'The Hobbit')
INSERT INTO DRINKOCCASION VALUES(343,7,'radagast',337)
INSERT INTO DRINKOCCASION VALUES(342,8,'burgler',337)
INSERT INTO DRINKOCCASION VALUES(352,4,'guldur',337)
INSERT INTO DRINKOCCASION VALUES(347,5,'necromancer',337)
INSERT INTO DRINKOCCASION VALUES(340,11,'erebor',337)
INSERT INTO DRINKOCCASION VALUES(354,4,'parasites',337)
INSERT INTO DRINKOCCASION VALUES(353,4,'mithrandir',337)
INSERT INTO DRINKOCCASION VALUES(346,5,'excuse',337)
INSERT INTO DRINKOCCASION VALUES(344,6,'alright',337)
INSERT INTO DRINKOCCASION VALUES(348,4,'azog',337)
INSERT INTO DRINKOCCASION VALUES(345,6,'quest',337)
INSERT INTO DRINKOCCASION VALUES(357,3,'addic7ed',337)
INSERT INTO DRINKOCCASION VALUES(350,4,'frodo',337)
INSERT INTO DRINKOCCASION VALUES(349,4,'c''mon',337)
INSERT INTO DRINKOCCASION VALUES(339,15,'dwarfs',337)
INSERT INTO DRINKOCCASION VALUES(351,4,'gollem',337)
INSERT INTO DRINKOCCASION VALUES(341,10,'orcs',337)
INSERT INTO DRINKOCCASION VALUES(338,19,'hobbit',337)
INSERT INTO DRINKOCCASION VALUES(356,4,'would''ve',337)
INSERT INTO DRINKOCCASION VALUES(355,4,'sickness',337)
COMMIT
INSERT INTO DBMOVIE VALUES(358,'Star Wars Episode 1')
INSERT INTO DRINKOCCASION VALUES(361,39,'highness',358)
INSERT INTO DRINKOCCASION VALUES(367,27,'yousa',358)
INSERT INTO DRINKOCCASION VALUES(372,20,'senator',358)
INSERT INTO DRINKOCCASION VALUES(374,19,'planet',358)
INSERT INTO DRINKOCCASION VALUES(369,22,'viceroy',358)
INSERT INTO DRINKOCCASION VALUES(365,29,'naboo',358)
INSERT INTO DRINKOCCASION VALUES(360,42,'chancellor',358)
INSERT INTO DRINKOCCASION VALUES(371,20,'jarjar',358)
INSERT INTO DRINKOCCASION VALUES(370,21,'wesa',358)
INSERT INTO DRINKOCCASION VALUES(368,23,'droid',358)
INSERT INTO DRINKOCCASION VALUES(378,15,'gungans',358)
INSERT INTO DRINKOCCASION VALUES(376,16,'apprentice',358)
INSERT INTO DRINKOCCASION VALUES(366,28,'senate',358)
INSERT INTO DRINKOCCASION VALUES(377,16,'gonna',358)
INSERT INTO DRINKOCCASION VALUES(373,19,'foryou',358)
INSERT INTO DRINKOCCASION VALUES(375,19,'republic',358)
INSERT INTO DRINKOCCASION VALUES(359,47,'jedi',358)
INSERT INTO DRINKOCCASION VALUES(364,29,'anakin',358)
INSERT INTO DRINKOCCASION VALUES(362,37,'mesa',358)
INSERT INTO DRINKOCCASION VALUES(363,32,'federation',358)
COMMIT
INSERT INTO DBMOVIE VALUES(379,'Mega Piranha')
INSERT INTO DRINKOCCASION VALUES(391,5,'estuary',379)
INSERT INTO DRINKOCCASION VALUES(395,5,'orinoco',379)
INSERT INTO DRINKOCCASION VALUES(397,5,'test',379)
INSERT INTO DRINKOCCASION VALUES(383,9,'helicopter',379)
INSERT INTO DRINKOCCASION VALUES(398,5,'venezuela',379)
INSERT INTO DRINKOCCASION VALUES(381,23,'diaz',379)
INSERT INTO DRINKOCCASION VALUES(393,5,'helicopters',379)
INSERT INTO DRINKOCCASION VALUES(394,5,'hurricane',379)
INSERT INTO DRINKOCCASION VALUES(384,9,'piranha',379)
INSERT INTO DRINKOCCASION VALUES(392,5,'gills',379)
INSERT INTO DRINKOCCASION VALUES(389,6,'grady',379)
INSERT INTO DRINKOCCASION VALUES(390,6,'monroe',379)
INSERT INTO DRINKOCCASION VALUES(385,8,'florida',379)
INSERT INTO DRINKOCCASION VALUES(396,5,'radio',379)
INSERT INTO DRINKOCCASION VALUES(380,31,'fitch',379)
INSERT INTO DRINKOCCASION VALUES(382,11,'piranhas',379)
INSERT INTO DRINKOCCASION VALUES(399,4,'area',379)
INSERT INTO DRINKOCCASION VALUES(386,8,'gordon',379)
INSERT INTO DRINKOCCASION VALUES(388,6,'attacked',379)
INSERT INTO DRINKOCCASION VALUES(387,7,'coast',379)
COMMIT
DELETE FROM SEQUENCE WHERE SEQ_NAME='SEQ_GEN'
INSERT INTO SEQUENCE VALUES('SEQ_GEN',450)
COMMIT
INSERT INTO DBMOVIE VALUES(400,'Finding Nemo')
INSERT INTO DRINKOCCASION VALUES(403,35,'whoa',400)
INSERT INTO DRINKOCCASION VALUES(417,12,'daddy',400)
INSERT INTO DRINKOCCASION VALUES(402,60,'dory',400)
INSERT INTO DRINKOCCASION VALUES(420,11,'coral',400)
INSERT INTO DRINKOCCASION VALUES(415,13,'mask',400)
INSERT INTO DRINKOCCASION VALUES(406,27,'sydney',400)
INSERT INTO DRINKOCCASION VALUES(407,25,'sharkbait',400)
INSERT INTO DRINKOCCASION VALUES(418,12,'gotta',400)
INSERT INTO DRINKOCCASION VALUES(410,23,'ocean',400)
INSERT INTO DRINKOCCASION VALUES(411,16,'sherman',400)
INSERT INTO DRINKOCCASION VALUES(416,13,'whoo',400)
INSERT INTO DRINKOCCASION VALUES(412,16,'whale',400)
INSERT INTO DRINKOCCASION VALUES(401,83,'nemo',400)
INSERT INTO DRINKOCCASION VALUES(409,24,'swimming',400)
INSERT INTO DRINKOCCASION VALUES(405,31,'yeah',400)
INSERT INTO DRINKOCCASION VALUES(419,11,'clownfish',400)
INSERT INTO DRINKOCCASION VALUES(404,33,'gonna',400)
INSERT INTO DRINKOCCASION VALUES(414,14,'gill',400)
INSERT INTO DRINKOCCASION VALUES(408,24,'dude',400)
INSERT INTO DRINKOCCASION VALUES(413,15,'wallaby',400)
COMMIT
INSERT INTO DBMOVIE VALUES(421,'Star Wars Episode III')
INSERT INTO DRINKOCCASION VALUES(440,6,'activate',421)
INSERT INTO DRINKOCCASION VALUES(439,7,'skywalker',421)
INSERT INTO DRINKOCCASION VALUES(423,47,'anakin',421)
INSERT INTO DRINKOCCASION VALUES(432,10,'padm',421)
INSERT INTO DRINKOCCASION VALUES(435,9,'vader',421)
INSERT INTO DRINKOCCASION VALUES(431,10,'apprentice',421)
INSERT INTO DRINKOCCASION VALUES(428,16,'kenobi',421)
INSERT INTO DRINKOCCASION VALUES(436,8,'darth',421)
INSERT INTO DRINKOCCASION VALUES(438,7,'gonna',421)
INSERT INTO DRINKOCCASION VALUES(424,36,'chancellor',421)
INSERT INTO DRINKOCCASION VALUES(426,19,'grievous',421)
INSERT INTO DRINKOCCASION VALUES(427,18,'senate',421)
INSERT INTO DRINKOCCASION VALUES(437,8,'yoda',421)
INSERT INTO DRINKOCCASION VALUES(430,11,'dooku',421)
INSERT INTO DRINKOCCASION VALUES(425,20,'sith',421)
INSERT INTO DRINKOCCASION VALUES(422,68,'jedi',421)
INSERT INTO DRINKOCCASION VALUES(434,9,'droids',421)
INSERT INTO DRINKOCCASION VALUES(433,10,'palpatine',421)
INSERT INTO DRINKOCCASION VALUES(429,16,'republic',421)
INSERT INTO DRINKOCCASION VALUES(441,6,'worry',421)
COMMIT
DELETE FROM SEQUENCE WHERE SEQ_NAME='SEQ_GEN'
INSERT INTO SEQUENCE VALUES('SEQ_GEN',500)
COMMIT
INSERT INTO DBMOVIE VALUES(442,'New Kids Turbo')
INSERT INTO DRINKOCCASION VALUES(444,38,'cunt',442)
INSERT INTO DRINKOCCASION VALUES(455,8,'richard',442)
INSERT INTO DRINKOCCASION VALUES(461,6,'coppers',442)
INSERT INTO DRINKOCCASION VALUES(462,6,'honk',442)
INSERT INTO DRINKOCCASION VALUES(456,7,'crisis',442)
INSERT INTO DRINKOCCASION VALUES(449,15,'rikkert',442)
INSERT INTO DRINKOCCASION VALUES(458,7,'schijndel',442)
INSERT INTO DRINKOCCASION VALUES(448,16,'homo',442)
INSERT INTO DRINKOCCASION VALUES(451,13,'guys',442)
INSERT INTO DRINKOCCASION VALUES(443,58,'dude',442)
INSERT INTO DRINKOCCASION VALUES(447,18,'fuck',442)
INSERT INTO DRINKOCCASION VALUES(446,19,'maaskantje',442)
INSERT INTO DRINKOCCASION VALUES(445,21,'goddammit',442)
INSERT INTO DRINKOCCASION VALUES(452,12,'gerrie',442)
INSERT INTO DRINKOCCASION VALUES(454,8,'bosch',442)
INSERT INTO DRINKOCCASION VALUES(457,7,'euros',442)
INSERT INTO DRINKOCCASION VALUES(453,8,'batsbak',442)
INSERT INTO DRINKOCCASION VALUES(460,6,'anymore',442)
INSERT INTO DRINKOCCASION VALUES(459,7,'whore',442)
INSERT INTO DRINKOCCASION VALUES(450,13,'fucking',442)
COMMIT
INSERT INTO DBMOVIE VALUES(463,'Machete')
INSERT INTO DRINKOCCASION VALUES(471,16,'mexican',463)
INSERT INTO DRINKOCCASION VALUES(467,24,'mclaughlin',463)
INSERT INTO DRINKOCCASION VALUES(466,27,'gonna',463)
INSERT INTO DRINKOCCASION VALUES(477,10,'boss',463)
INSERT INTO DRINKOCCASION VALUES(478,9,'drug',463)
INSERT INTO DRINKOCCASION VALUES(474,12,'damn',463)
INSERT INTO DRINKOCCASION VALUES(481,7,'immigration',463)
INSERT INTO DRINKOCCASION VALUES(472,16,'torrez',463)
INSERT INTO DRINKOCCASION VALUES(480,7,'booth',463)
INSERT INTO DRINKOCCASION VALUES(470,17,'shit',463)
INSERT INTO DRINKOCCASION VALUES(479,9,'illegal',463)
INSERT INTO DRINKOCCASION VALUES(468,23,'border',463)
INSERT INTO DRINKOCCASION VALUES(476,11,'fucking',463)
INSERT INTO DRINKOCCASION VALUES(475,12,'wanna',463)
INSERT INTO DRINKOCCASION VALUES(483,7,'where''s',463)
INSERT INTO DRINKOCCASION VALUES(465,36,'machete',463)
INSERT INTO DRINKOCCASION VALUES(469,17,'fuck',463)
INSERT INTO DRINKOCCASION VALUES(473,15,'network',463)
INSERT INTO DRINKOCCASION VALUES(464,48,'senator',463)
INSERT INTO DRINKOCCASION VALUES(482,7,'padre',463)
COMMIT
DELETE FROM SEQUENCE WHERE SEQ_NAME='SEQ_GEN'
INSERT INTO SEQUENCE VALUES('SEQ_GEN',550)
COMMIT
INSERT INTO DBMOVIE VALUES(484,'Life Of Brian')
INSERT INTO DRINKOCCASION VALUES(496,11,'judean',484)
INSERT INTO DRINKOCCASION VALUES(499,9,'babies',484)
INSERT INTO DRINKOCCASION VALUES(500,8,'bastards',484)
INSERT INTO DRINKOCCASION VALUES(494,12,'hail',484)
INSERT INTO DRINKOCCASION VALUES(503,8,'judith',484)
INSERT INTO DRINKOCCASION VALUES(485,83,'brian',484)
INSERT INTO DRINKOCCASION VALUES(493,15,'gonna',484)
INSERT INTO DRINKOCCASION VALUES(486,39,'yeah',484)
INSERT INTO DRINKOCCASION VALUES(495,11,'gourd',484)
INSERT INTO DRINKOCCASION VALUES(487,24,'messiah',484)
INSERT INTO DRINKOCCASION VALUES(504,8,'miracle',484)
INSERT INTO DRINKOCCASION VALUES(502,8,'joke',484)
INSERT INTO DRINKOCCASION VALUES(498,10,'welease',484)
INSERT INTO DRINKOCCASION VALUES(492,15,'bloody',484)
INSERT INTO DRINKOCCASION VALUES(497,10,'biggus',484)
INSERT INTO DRINKOCCASION VALUES(501,8,'jehovah',484)
INSERT INTO DRINKOCCASION VALUES(490,17,'crucifixion',484)
INSERT INTO DRINKOCCASION VALUES(491,16,'shhh',484)
INSERT INTO DRINKOCCASION VALUES(488,24,'romans',484)
INSERT INTO DRINKOCCASION VALUES(489,19,'people''s',484)
COMMIT
INSERT INTO DBMOVIE VALUES(505,'Despicable Me')
INSERT INTO DRINKOCCASION VALUES(515,7,'edith',505)
INSERT INTO DRINKOCCASION VALUES(508,12,'kittens',505)
INSERT INTO DRINKOCCASION VALUES(510,10,'gonna',505)
INSERT INTO DRINKOCCASION VALUES(507,15,'yeah',505)
INSERT INTO DRINKOCCASION VALUES(523,5,'hattie',505)
INSERT INTO DRINKOCCASION VALUES(517,6,'miss',505)
INSERT INTO DRINKOCCASION VALUES(524,5,'margo',505)
INSERT INTO DRINKOCCASION VALUES(511,10,'vector',505)
INSERT INTO DRINKOCCASION VALUES(516,6,'bedtime',505)
INSERT INTO DRINKOCCASION VALUES(521,5,'freeze',505)
INSERT INTO DRINKOCCASION VALUES(513,9,'shrink',505)
INSERT INTO DRINKOCCASION VALUES(509,11,'cookies',505)
INSERT INTO DRINKOCCASION VALUES(514,8,'unicorn',505)
INSERT INTO DRINKOCCASION VALUES(506,43,'okay',505)
INSERT INTO DRINKOCCASION VALUES(519,6,'robots',505)
INSERT INTO DRINKOCCASION VALUES(518,6,'pyramid',505)
INSERT INTO DRINKOCCASION VALUES(525,5,'perkins',505)
INSERT INTO DRINKOCCASION VALUES(522,5,'goodbye',505)
INSERT INTO DRINKOCCASION VALUES(520,5,'fluffy',505)
INSERT INTO DRINKOCCASION VALUES(512,9,'clink',505)
COMMIT
INSERT INTO DBMOVIE VALUES(526,'The Big Lebowski')
INSERT INTO DRINKOCCASION VALUES(542,11,'bowling',526)
INSERT INTO DRINKOCCASION VALUES(546,10,'brandt',526)
INSERT INTO DRINKOCCASION VALUES(528,112,'fucking',526)
INSERT INTO DRINKOCCASION VALUES(543,11,'bunny',526)
INSERT INTO DRINKOCCASION VALUES(540,13,'million',526)
INSERT INTO DRINKOCCASION VALUES(536,26,'donny',526)
INSERT INTO DRINKOCCASION VALUES(545,11,'league',526)
INSERT INTO DRINKOCCASION VALUES(527,134,'dude',526)
INSERT INTO DRINKOCCASION VALUES(538,14,'jackie',526)
INSERT INTO DRINKOCCASION VALUES(531,63,'walter',526)
INSERT INTO DRINKOCCASION VALUES(539,13,'jeffrey',526)
INSERT INTO DRINKOCCASION VALUES(537,26,'shit',526)
INSERT INTO DRINKOCCASION VALUES(535,27,'larry',526)
INSERT INTO DRINKOCCASION VALUES(533,35,'fuckin''',526)
INSERT INTO DRINKOCCASION VALUES(530,83,'lebowski',526)
INSERT INTO DRINKOCCASION VALUES(529,90,'fuck',526)
INSERT INTO DRINKOCCASION VALUES(541,13,'treehorn',526)
INSERT INTO DRINKOCCASION VALUES(534,28,'gonna',526)
INSERT INTO DRINKOCCASION VALUES(532,57,'yeah',526)
INSERT INTO DRINKOCCASION VALUES(544,11,'fucked',526)
COMMIT
